{"ts": 1770488088.2802649, "event": "start", "prompt": "## Original Plan Summary\nThis issue breakdown maximizes parallelism while ensuring correct integration through explicit interface contracts. The dependency graph has 4 levels:\n\nLevel 0 (parallel): error-module, ast-module (no dependencies)\nLevel 1 (parallel): value-module (needs error+ast), lexer (needs error), bytecode (needs ast)\nLevel 2 (parallel): parser (needs error+ast+lexer), compiler (needs error+ast+bytecode)\nLevel 3 (parallel): vm (needs error+value+bytecode)\nLevel 4: api (needs all modules)\nLevel 5 (parallel): integration-tests, performance-tests, extension-tests, comparison-benchmark (need api)\n\nThis design achieves maximum parallelism with only 6 sequential levels. File conflicts are not a concern as each issue creates distinct files (merger agent handles conflicts). Key design principles:\n\n1. Architecture Fidelity: All type definitions, function signatures, and interfaces copied EXACTLY from architecture.md (lines cited in each issue). No simplification or reinterpretation.\n\n2. Vertical Slices: Each issue is complete with implementation + comprehensive tests (10-25 tests per module). No separate 'write tests' issues.\n\n3. Interface Contracts: CRITICAL boundaries documented explicitly:\n   - Compiler SetResult rules (Assignment: NO, Print: NO, Expression: YES)\n   - VM execute() returns Option<Value> (BLOCKER 2 resolution)\n   - Output format specification (BLOCKER 1 resolution)\n   - Zero-copy tokens with lifetime parameters\n\n4. Self-Contained Issues: Each issue includes ALL context needed - no reference to other issues required. Every issue has 8-10 acceptance criteria matching PRD.\n\n5. Early Verification: Integration tests validate core pipeline before performance/extension tests. No deferred validation.\n\n6. PRD Coverage Mapping:\n   - AC1 (API): api + integration-tests\n   - AC2 (Arithmetic): parser + compiler + vm + integration-tests\n   - AC3 (Variables): compiler + vm + integration-tests  \n   - AC4 (Print): compiler + vm + integration-tests\n   - AC5 (Performance): performance-tests\n   - AC6 (Startup): performance-tests\n   - AC7 (Parse Errors): parser + integration-tests\n   - AC8 (Runtime Errors): vm + integration-tests\n   - AC9 (Extension Points): extension-tests\n   - AC10 (Comparison): comparison-benchmark\n\n7. Critical Path: 6 levels deep (error+ast \u2192 value+lexer+bytecode \u2192 parser+compiler \u2192 vm \u2192 api \u2192 tests). Maximum parallelism within each level.\n\n8. Recovery-Friendly: Each issue has explicit 'provides' field for dependency tracking. If vm fails, api knows exactly what capability is missing.\n\n9. File Metadata: All issues specify files_to_create and files_to_modify for scope tracking (merger agent handles conflicts).\n\n10. Complexity Estimation: low (3 issues), medium (6 issues), high (3 issues) - balanced workload distribution.\n\n## PRD Summary\nA Python execution engine that accepts Python source code as a string, parses and compiles it to Rust native code or bytecode, executes the code, and returns results. Must achieve < 100\u03bcs total execution time for basic arithmetic expressions with < 50\u03bcs startup overhead. Phase 1 scope limited to: arithmetic expressions (integers, +, -, *, /, //, %, with proper precedence and parentheses), variable assignment and retrieval (single global scope), and print statements. Architecture designed with clear extension points for future Python language features (functions, imports, classes) without requiring core rewrites.\n\nAcceptance Criteria:\n- AC1 API Contract: Public Rust function `execute_python(code: &str) -> Result<String, Error>` exists and returns execution result or error. Test: Unit test calls API and asserts Result type correctness\n- AC2 Arithmetic Expression Support: Input `\"2 + 3 * 4\"` returns `\"14\"` respecting operator precedence. Test: Parameterized test with expressions: `2+3`, `10-5`, `3*4`, `20/4`, `2+3*4`, `(2+3)*4` all return correct results\n- AC3 Variable Assignment & Retrieval: Input `\"x = 10\\ny = 20\\nx + y\"` returns `\"30\"`. Test: Test cases for single assignment, multiple assignments, and variable reuse\n- AC4 Print Statement Support: Input `\"print(42)\"` returns `\"42\\n\"` (captured stdout). Test: Print with literals, variables, and expressions\n- AC5 Startup Time Performance: Executing `\"2 + 3\"` 1000 times in isolated runs has mean execution time < 100 microseconds. Test: Automated benchmark with Criterion or hyperfine showing statistical confidence intervals\n- AC6 Startup Overhead Isolation: Time from process start to ready-to-execute state is < 50 microseconds. Test: Benchmark measuring startup overhead separately from execution time\n- AC7 Error Handling Parse Errors: Invalid syntax `\"2 + + 3\"` returns descriptive error with location information. Test: Parameterized test with malformed inputs\n- AC8 Error Handling Runtime Errors: Code `\"10 / 0\"` returns error message about division by zero. Test: Test division by zero and undefined variable access\n- AC9 Extension Point Architecture: Codebase has documented extension points for: (1) adding new operators, (2) adding function call support, (3) adding import system. Test: Architecture document exists with concrete examples of extending each system\n- AC10 Comparison Baseline: Same test suite executed against CPython 3.x via subprocess shows PyRust has \u2265 10x speedup on mean execution time. Test: Comparative benchmark script with published results\n\n## Architecture Summary\nPyRust uses a three-phase bytecode interpreter architecture (Parse \u2192 Compile \u2192 Execute) achieving < 100\u03bcs execution time. Python source is lexed and parsed into an AST, compiled to compact bytecode, then executed in a register-based VM. This revision addresses all critical blockers: formal output format specification with edge cases, VM::execute() returns Option<Value> to distinguish no-result from zero-result, and concrete AC9 test validation methodology. The architecture includes clear extension points for operators, functions, and imports without requiring core rewrites.\n\n## Reference Paths (read these for full details)\n- PRD: /Users/santoshkumarradha/Documents/agentfield/code/int-agentfield-examples/af-swe/example-pyrust/.artifacts/plan/prd.md\n- Architecture: /Users/santoshkumarradha/Documents/agentfield/code/int-agentfield-examples/af-swe/example-pyrust/.artifacts/plan/architecture.md\n- Issue files: /Users/santoshkumarradha/Documents/agentfield/code/int-agentfield-examples/af-swe/example-pyrust/.artifacts/plan/issues\n- Repository: /Users/santoshkumarradha/Documents/agentfield/code/int-agentfield-examples/af-swe/example-pyrust\n\n## Full DAG (all levels)\nLevel 0:\n  - error-module (provides: ['PyRustError enum with From conversions for all error types', 'LexError struct with message, line, column fields', 'ParseError struct with message, line, column, found_token, expected_tokens fields', 'CompileError struct with message field', 'RuntimeError struct with message and instruction_index fields'])\n  - ast-module (provides: ['Program struct containing Vec<Statement>', 'Statement enum with Assignment, Print, and Expression variants', 'Expression enum with Integer, Variable, BinaryOp, and UnaryOp variants', 'BinaryOperator enum with precedence() method returning u8', 'UnaryOperator enum for future extensions'])\nLevel 1:\n  - lexer (depends_on: ['error-module']) (provides: ['TokenKind enum with all Phase 1 token types', \"Token<'src> struct with lifetime parameter for zero-copy\", 'lex(source: &str) -> Result<Vec<Token>, LexError> public function', 'Location tracking in every token (line, column)', 'Zero-copy token text as &str slices'])\n  - value-module (depends_on: ['error-module', 'ast-module']) (provides: ['Value enum with Integer(i64) variant', 'Value::binary_op(BinaryOperator, &Value) -> Result<Value, RuntimeError>', 'Value::unary_op(UnaryOperator) -> Result<Value, RuntimeError>', 'Value::as_integer() -> i64 helper method', 'Display implementation for value formatting'])\n  - bytecode (depends_on: ['ast-module']) (provides: ['Instruction enum with 8 register-based instruction types', 'Bytecode struct with instructions, constants pool, var_names pool', 'BytecodeBuilder with emit_* methods for instruction generation', 'Constant pool with deduplication (Vec<i64>)', 'Variable name pool with deduplication (Vec<String>)'])\nLevel 2:\n  - parser (depends_on: ['error-module', 'ast-module', 'lexer']) (provides: ['parse(Vec<Token>) -> Result<Program, ParseError> public function', 'Parser struct with recursive descent and Pratt parsing', 'Correct operator precedence enforcement', 'Statement parsing for Assignment, Print, Expression', 'Expression parsing with parentheses support'])\n  - compiler (depends_on: ['error-module', 'ast-module', 'bytecode']) (provides: ['compile(Program) -> Result<Bytecode, CompileError> public function', 'Compiler struct with register allocation', 'SetResult emission following exact rules from architecture', 'Single-pass AST traversal with bytecode generation', 'Register tracking for expression evaluation'])\n  - vm (depends_on: ['error-module', 'value-module', 'bytecode']) (provides: ['VM struct with registers, variables HashMap, stdout String, result Option<Value>', 'VM::new() constructor', 'VM::execute(&Bytecode) -> Result<Option<Value>, RuntimeError>', 'VM::format_output(Option<Value>) -> String implementing output specification', 'Register-based instruction dispatch loop'])\nLevel 3:\n  - api (depends_on: ['error-module', 'ast-module', 'value-module', 'lexer', 'parser', 'bytecode', 'compiler', 'vm']) (provides: ['execute_python(code: &str) -> Result<String, PyRustError> public function', 'Module declarations making all internal types accessible', 'Full pipeline orchestration', 'Error handling and propagation through all stages', 'Output formatting according to specification'])\nLevel 4:\n  - integration-tests (depends_on: ['api']) (provides: ['Comprehensive test coverage for AC1, AC2, AC3, AC4, AC7, AC8', 'Output format specification validation tests', 'Error message format validation', 'End-to-end pipeline testing'])\n  - performance-tests (depends_on: ['api']) (provides: ['Criterion benchmark suite for AC5 validation', 'Startup overhead measurement for AC6', 'Statistical confidence intervals', 'Performance regression detection', 'Benchmark results for documentation'])\n  - extension-tests (depends_on: ['api']) (provides: ['AC9 validation tests', 'EXTENSION_GUIDE.md documentation', 'Proof that extensions are additive', 'Validation of architecture extension points', 'Examples for Phase 2 implementation'])\n  - comparison-benchmark (depends_on: ['api']) (provides: ['AC10 CPython comparison benchmark', 'Speedup calculation and validation', 'Published benchmark results', 'Proof of performance hypothesis'])\n\n## Completed Issues\n- **error-module**: All 24 tests passed and code review found no blocking issues. All acceptance criteria met: error module structure matches architecture, Cargo.toml configured correctly, all traits implemented (Clone, PartialEq, Debug, Display, std::error::Error), Display includes location information, From traits enable ergonomic error propagation, and code compiles successfully. Four non-blocking debt items tracked for future improvement (helper constructors, documentation, expanded trait tests).\n  Files changed: Cargo.toml, Cargo.lock, src/error.rs, src/lib.rs\n- **ast-module**: All 23 tests passed and code review approved with no blocking issues. AST module implementation is complete and ready to merge. Three minor non-blocking suggestions recorded as debt items.\n  Files changed: src/ast.rs, src/lib.rs, Cargo.toml, .gitignore\n- **lexer**: All 73 tests pass with 29 comprehensive edge case tests. Code review approved with no blocking issues. All Phase 1 acceptance criteria met: zero-copy tokenization, complete token support, accurate location tracking, proper error handling, and integer overflow detection. Non-blocking debt items (UTF-8 column semantics, peek() optimization) can be addressed in future iterations.\n  Files changed: src/lexer.rs, src/lib.rs\n- **value-module**: All 46 tests passed with comprehensive edge case coverage. Code review approved with no blocking issues. Implementation is production-ready for Phase 1. Non-blocking debt items (specification documentation mismatch and hardcoded instruction_index placeholder) are acceptable for this phase.\n  Files changed: src/value.rs, src/lib.rs\n- **bytecode**: All acceptance criteria met. 40/40 tests passed with 14 comprehensive edge case tests. Code review approved with no blocking issues. Production-ready implementation of bytecode with 8 instruction types, BytecodeBuilder, automatic deduplication, and Halt appending. Non-blocking debt items identified as optional future improvements.\n  Files changed: src/bytecode.rs, src/lib.rs\n- **parser**: Parser implementation fully meets all acceptance criteria. All 128 tests passing (including 24 new edge case tests), code review approved with no blocking issues. Implementation includes correct Pratt parsing, proper operator precedence, all required statement/expression types, and comprehensive error handling. Non-blocking debt items identified (peek() defensive programming, documentation) are tracked but do not prevent approval.\n  Files changed: src/lib.rs, src/parser.rs\n- **compiler**: All 113 tests passed with comprehensive edge case coverage. Code review approved with all 11 acceptance criteria met. No blocking issues. SetResult emission rules correctly implemented. Single-pass compiler works as specified. One minor non-blocking debt item identified (off-by-one in register limit check). Code is production-ready.\n  Files changed: src/compiler.rs, src/lib.rs\n- **vm**: All 129 tests passed with 26 comprehensive edge case tests. Code review approved with no blocking issues. VM implementation is production-ready and meets all acceptance criteria: correct architecture with 256 registers, execute() returning Result<Option<Value>, RuntimeError>, all 8 instruction types properly implemented, robust error handling with correct instruction_index, and excellent test coverage.\n  Files changed: src/vm.rs, src/lib.rs\n- **api**: All 266 tests pass with 57 comprehensive edge case tests added. Code review approved with no blocking issues. All acceptance criteria verified and met. Ready to merge.\n  Files changed: src/lib.rs\n- **integration-tests**: All acceptance criteria met with comprehensive test coverage (296 tests). No blocking review issues. Non-blocking debt items identified for optional follow-up.\n  Files changed: tests/integration_test.rs\n- **performance-tests**: Synthesizer failed but QA passed and review approved \u2014 approving.\n  Files changed: benches/criterion_benches.rs, Cargo.toml\n- **extension-tests**: Synthesizer failed but QA passed and review approved \u2014 approving.\n  Files changed: tests/extension_test.rs, EXTENSION_GUIDE.md\n\n## Failed Issues (triggering this replan)\n### comparison-benchmark\n- **Attempts**: 5\n- **Error**: Coding loop exhausted after 5 iterations without approval\n- **Error context**:\n```\n\n```\n- **Dependencies**: ['api']\n- **Was supposed to provide**: ['AC10 CPython comparison benchmark', 'Speedup calculation and validation', 'Published benchmark results', 'Proof of performance hypothesis']\n- **Description**: Create hyperfine-based benchmark comparing PyRust against CPython 3.x for same test cases. Must demonstrate \u2265 10x speedup on mean execution time. Includes automated speedup calculation and result publication.\n\n## Remaining Issues (not yet executed)\n(none \u2014 all issues have been attempted)\n\n## Your Task\nAnalyze the failures above. Read the referenced files for full context if needed. Decide how to proceed and return a ReplanDecision.", "model": "sonnet", "max_turns": 15}
{"ts": 1770488097.8823838, "event": "assistant", "turn": 1, "model": "<synthetic>", "content": [{"type": "text", "text": "API Error: 401 {\"type\":\"error\",\"error\":{\"type\":\"authentication_error\",\"message\":\"OAuth token has expired. Please obtain a new token or refresh your existing token.\"},\"request_id\":\"req_011CXuAUtTVGWD8wKx6qcFEQ\"} \u00b7 Please run /login"}]}
{"ts": 1770488097.882914, "event": "result", "num_turns": 1, "cost_usd": 0, "duration_ms": 2599}
{"ts": 1770488098.885613, "event": "end", "is_error": true, "error": "Command failed with exit code 1 (exit code: 1)\nError output: Check stderr output for details"}
{"ts": 1770678232.227566, "event": "start", "prompt": "## Original Plan Summary\nThis decomposition maximizes parallelism by organizing work into 23 independent issues across 6 logical phases. Critical path length is minimized to 5 levels: (1) Binary optimization + bug fixes + protocol/cache foundations run in parallel, (2) Daemon server/client built on protocol, (3) CLI integration combines server+client, (4) Concurrency testing validates integration, (5) Benchmarks measure performance, (6) Final validation confirms all metrics. All 7 function bug fixes are independent and can execute in parallel. Daemon protocol, cache, and profiling are foundational components built independently. Binary optimization is isolated and doesn't block other work. The dependency graph ensures that each issue has a clear interface contract (via 'provides' field) allowing autonomous agents to work without coordination. Testing strategy is concrete for every issue with exact file paths, test commands, and acceptance criteria mappings. Early verification happens at bug-fixes-verification (level 2) to catch integration issues before expensive benchmarking work. File metadata is complete for all 23 issues enabling conflict detection. Every PRD acceptance criterion (AC1.1-AC6.6 and M1-M5) maps to at least one issue's acceptance criteria, ensuring complete coverage. The plan is recovery-friendly with explicit 'provides' showing exact capabilities delivered by each issue.\n\n## PRD Summary\nTransform PyRust from library-optimized (293ns, 66,000x faster) to production-ready CLI achieving 50-100x end-to-end speedup vs CPython (19ms baseline). Current binary execution is 1.3ms (14x speedup) due to process overhead. Solution: (1) Binary optimization with LTO, single codegen unit, symbol stripping to reduce startup to <500\u03bcs, (2) Daemon mode with Unix socket IPC for <190\u03bcs per-request latency amortizing process spawn, (3) Compilation caching with in-memory LRU+SipHash for <50\u03bcs cached execution, (4) Fix 14 failing tests (7 function parameter bugs, 2 negative number parsing, 5 benchmark stability), (5) Add profiling infrastructure for per-stage timing breakdown. Target: `pyrust -c '2+3'` executes in \u2264380\u03bcs mean (binary) or \u2264190\u03bcs (daemon), validated via hyperfine with statistical confidence.\n\nAcceptance Criteria:\n- M1 (Binary Speedup 50x): Binary subprocess execution \u2264380\u03bcs mean measured via hyperfine 100 runs with 95% CI, automated check `mean_us <= 380` in validation script\n- M2 (Daemon Speedup 100x): Per-request latency in daemon mode \u2264190\u03bcs mean measured via custom benchmark client with 1000 requests, automated check `mean_us <= 190`\n- M3 (Test Regression): All 664 currently passing tests still pass, verified via `cargo test --release` with exit code 0 and 0 failures\n- M4 (Function Bugs Fixed): All 14 failing tests now pass (7 function parameter handling, 2 negative number parsing, 5 benchmark stability), total 681/681 tests passing verified via `cargo test --release`\n- M5 (Benchmark Stability): All Criterion benchmarks have CV < 10%, verified by parsing estimates.json files and checking `max(cv_percent) < 10.0`\n- AC1.1: `cargo build --release` completes successfully with new [profile.release] configuration (lto=fat, codegen-units=1, strip=true, panic=abort, opt-level=3)\n- AC1.2: Binary size \u2264500KB measured via `stat -f%z target/release/pyrust` (current 577KB baseline)\n- AC1.3: Binary startup overhead \u2264500\u03bcs mean measured via hyperfine 100 runs with 95% CI upper bound check\n- AC1.4: All 664 currently passing tests still pass after binary optimization changes, no regressions\n- AC1.5: Library API performance unchanged at 293ns \u00b110% verified via existing Criterion benchmarks\n- AC2.1: `pyrust --daemon` starts server successfully, creates Unix socket at /tmp/pyrust.sock and PID file at /tmp/pyrust.pid\n- AC2.2: `pyrust -c '2+3'` with daemon running returns correct output in <190\u03bcs mean measured via hyperfine 1000 runs\n- AC2.3: `pyrust --stop-daemon` shuts down daemon cleanly, removes socket and PID files, verified by checking file deletion\n- AC2.4: Daemon fallback works - if socket missing, direct execution succeeds and returns correct result\n- AC2.5: Error propagation - daemon returns identical error format as direct execution for division by zero, undefined variables, syntax errors\n- AC2.6: Concurrent requests - 10 parallel clients can send requests simultaneously without result corruption or crashes\n- AC2.7: Stress test - 10,000 sequential requests complete with <1% failure rate, no memory leaks, stable performance\n- AC3.1: Cache hit rate \u226595% for repeated code measured by benchmark with 100 identical requests to warm cache\n- AC3.2: Cached execution in daemon mode \u226450\u03bcs mean measured after cache warm-up with identical script\n- AC3.3: Cache miss performance within 5% of no-cache baseline, ensuring hash computation and insertion overhead is negligible\n- AC3.4: LRU eviction works correctly - 1001st unique script evicts oldest entry, verified by testing cache capacity limits\n- AC3.5: Memory usage \u226410MB for 1000 cached scripts measured via profiler or RSS measurement\n- AC3.6: Cache invalidation - different code produces different results, no hash collision false positives observed in 10,000 unique scripts\n- AC4.1: `cargo test --release` exits with code 0 showing 681/681 tests passed (100% pass rate)\n- AC4.2: No regressions - all 664 tests that currently pass still pass after bug fixes, verified by comparing test lists\n- AC4.3: Each of 14 specific failing tests passes individually when run in isolation: test_function_call_with_expression_args returns 100, test_function_calling_before_definition returns CompileError, test_function_calling_convention_multiple_args succeeds without parameter errors, test_function_using_param_in_multiple_operations returns 28, test_function_with_multiple_return_paths_early_return succeeds, test_function_with_negative_numbers returns -42, test_function_with_negative_parameters returns -30\n- AC4.4: Benchmark stability achieved - coefficient of variation < 10% for all benchmarks verified by parsing Criterion JSON estimates and checking std_dev/mean ratio\n- AC5.1: `pyrust -c '2+3' --profile` outputs human-readable table with 5 stage timings (lex, parse, compile, vm_execute, format) in nanoseconds\n- AC5.2: Sum of individual stage timings within 5% of total measured time, ensuring instrumentation accounts for full pipeline\n- AC5.3: `pyrust -c '2+3' --profile-json` outputs valid JSON matching PipelineProfile schema with fields lex_ns, parse_ns, compile_ns, vm_execute_ns, format_ns, total_ns\n- AC5.4: Profiling overhead \u22641% measured by comparing execute_python vs execute_python_profiled in dedicated benchmark\n- AC5.5: PERFORMANCE.md updated with profiling data including stage breakdown table showing percentage of total time per stage\n- AC6.1: Binary subprocess benchmark mean \u2264380\u03bcs verified in benches/binary_subprocess.rs Criterion output\n- AC6.2: Daemon mode benchmark mean \u2264190\u03bcs verified in benches/daemon_mode.rs Criterion output\n- AC6.3: Cache hit benchmark mean \u226450\u03bcs verified in benches/cache_performance.rs for warm cache scenario\n- AC6.4: All benchmarks show CV < 10% ensuring statistical stability and reproducible results\n- AC6.5: `scripts/validate_speedup.sh` exits with code 0 indicating \u226550x speedup achieved vs CPython baseline\n- AC6.6: PERFORMANCE.md completely updated with new baseline table showing binary/daemon/cached modes, speedup calculations with 95% CI, variance analysis, and interpretation\n\n## Architecture Summary\nComplete production-ready architecture transforming PyRust from 293ns library to 50-100x faster CLI (380\u03bcs binary, 190\u03bcs daemon, 50\u03bcs cached). Addresses all tech lead concerns with FULL specifications for 6 phases: (1) Binary optimization via LTO+static linking, (2) Unix socket daemon with signal handling, (3) LRU cache with collision detection, (4) 14 bug fixes with exact file locations and code changes, (5) Profiling infrastructure with PipelineProfile struct and CLI integration, (6) Comprehensive benchmark suite with validation scripts. All 34 acceptance criteria mapped to concrete implementations. Zero missing components - ready for autonomous agent execution.\n\n## Reference Paths (read these for full details)\n- PRD: /Users/santoshkumarradha/Documents/agentfield/code/int-agentfield-examples/af-swe/example-pyrust/.artifacts/plan/prd.md\n- Architecture: /Users/santoshkumarradha/Documents/agentfield/code/int-agentfield-examples/af-swe/example-pyrust/.artifacts/plan/architecture.md\n- Issue files: /Users/santoshkumarradha/Documents/agentfield/code/int-agentfield-examples/af-swe/example-pyrust/.artifacts/plan/issues\n- Repository: /Users/santoshkumarradha/Documents/agentfield/code/int-agentfield-examples/af-swe/example-pyrust\n\n## Full DAG (all levels)\nLevel 0:\n  - binary-optimization (provides: ['Optimized release build configuration with LTO and static linking', 'Reduced binary startup overhead to <500\u03bcs', 'Binary size reduced to <500KB'])\n  - function-parameter-bug-1 (provides: ['Correct argument evaluation order in function calls', 'Fixed test_function_call_with_expression_args'])\n  - function-parameter-bug-2 (provides: ['Forward reference validation preventing undefined function calls', 'Fixed test_function_calling_before_definition'])\n  - function-parameter-bug-3 (provides: ['Correct parameter name registration in bytecode', 'Fixed test_function_calling_convention_multiple_args'])\n  - function-parameter-bug-4 (provides: ['Correct register allocation for parameter operations', 'Fixed test_function_using_param_in_multiple_operations'])\n  - function-parameter-bug-5 (provides: ['Correct parameter scope preservation on early return', 'Fixed test_function_with_multiple_return_paths_early_return'])\n  - negative-number-parsing (provides: ['Negative number literal parsing support', 'Fixed test_function_with_negative_numbers and test_function_with_negative_parameters'])\n  - benchmark-stability (provides: ['Stable benchmarks with CV < 10%', 'Fixed 7 benchmark stability test failures'])\n  - daemon-protocol (provides: ['Binary protocol for daemon communication', 'DaemonRequest and DaemonResponse types', 'Protocol encode/decode methods'])\n  - compilation-cache (provides: ['LRU compilation cache implementation', 'SipHash-based collision detection', 'Cache statistics tracking'])\n  - profiling-infrastructure (provides: ['PipelineProfile struct with per-stage timings', 'execute_python_profiled() function', 'Human-readable and JSON output formats'])\nLevel 1:\n  - binary-subprocess-benchmark (depends_on: ['binary-optimization']) (provides: ['Binary subprocess benchmark', 'Statistical validation of 50x speedup'])\n  - bug-fixes-verification (depends_on: ['function-parameter-bug-1', 'function-parameter-bug-2', 'function-parameter-bug-3', 'function-parameter-bug-4', 'function-parameter-bug-5', 'negative-number-parsing', 'benchmark-stability']) (provides: ['Verified 100% test pass rate (681/681)', 'Confirmation all bugs fixed with no regressions'])\n  - daemon-server (depends_on: ['daemon-protocol']) (provides: ['Unix socket daemon server', 'Signal handling and graceful shutdown', 'PID file management'])\n  - daemon-client (depends_on: ['daemon-protocol']) (provides: ['Daemon client connection logic', 'Fallback to direct execution', 'Daemon management commands'])\nLevel 2:\n  - daemon-cli-integration (depends_on: ['daemon-server', 'daemon-client']) (provides: ['CLI integration for daemon mode', 'Daemon management commands', 'Automatic daemon routing with fallback'])\nLevel 3:\n  - daemon-concurrency-testing (depends_on: ['daemon-cli-integration']) (provides: ['Daemon concurrency validation', 'Daemon stress test validation', 'Performance stability confirmation'])\n  - cache-integration (depends_on: ['compilation-cache', 'daemon-cli-integration']) (provides: ['Cached execute_python() variants', 'Thread-local and global cache integration', 'Cache management CLI commands'])\nLevel 4:\n  - daemon-mode-benchmark (depends_on: ['daemon-concurrency-testing']) (provides: ['Daemon mode latency benchmark', 'Statistical validation of 100x speedup'])\n  - cache-performance-benchmark (depends_on: ['cache-integration']) (provides: ['Cache performance benchmark', 'Statistical validation of cache speedup'])\nLevel 5:\n  - speedup-validation-scripts (depends_on: ['binary-subprocess-benchmark', 'daemon-mode-benchmark']) (provides: ['Automated speedup validation', 'Statistical confidence in performance claims', 'CI-ready validation scripts'])\nLevel 6:\n  - performance-documentation (depends_on: ['speedup-validation-scripts', 'profiling-infrastructure', 'cache-performance-benchmark', 'bug-fixes-verification']) (provides: ['Updated PERFORMANCE.md documentation', 'Complete performance baseline table', 'Stage-by-stage profiling analysis'])\nLevel 7:\n  - final-integration-validation (depends_on: ['performance-documentation', 'binary-subprocess-benchmark', 'daemon-mode-benchmark', 'cache-performance-benchmark', 'bug-fixes-verification']) (provides: ['Final validation of all success metrics', 'Comprehensive test and benchmark report', 'Production-ready PyRust CLI'])\n\n## Completed Issues\n- **binary-optimization**: All acceptance criteria met. Binary optimized to 442.6KB (under 500KB limit), all 462 library tests pass, performance maintained at 74ns (well within 293ns\u00b110% target). No blocking issues found. Technical debt items identified but acceptable for merge: Linux static linking configuration, startup measurement test coverage, and test count documentation discrepancy.\n  Files changed: Cargo.toml, .cargo/config.toml, scripts/measure_binary_startup.sh, tests/test_binary_optimization.rs\n- **function-parameter-bug-1**: All acceptance criteria satisfied. AC4.3: test_function_call_with_expression_args returns 100 (PASS). AC4.2: All 462 library tests pass with no regressions (PASS). Code review approved with no blocking issues. The fix correctly implements left-to-right argument evaluation by removing double reversal. 563 tests passed, 0 failed. Two non-blocking suggestions for future improvement: add explicit evaluation order test with side effects, and clarify misleading issue description.\n  Files changed: src/compiler.rs\n- **function-parameter-bug-2**: All acceptance criteria met. AC4.3: test_function_calling_before_definition returns CompileError. AC4.2: All 462 lib tests pass. Forward reference validation correctly implemented. One non-blocking debt item: error message format differs from spec.\n  Files changed: IMPLEMENTATION_NOTES.md\n- **function-parameter-bug-3**: All acceptance criteria met. AC4.3: test_function_calling_convention_multiple_args passes without 'Parameter not found' error. AC4.2: All 499 currently passing tests still pass (0 regressions). Fix correctly registers parameter names in bytecode var_names pool. No blocking issues.\n  Files changed: src/compiler.rs\n- **function-parameter-bug-4**: All acceptance criteria met. AC4.3: test returns correct value 38 (AC specified incorrect value 28). AC4.2: All 462 lib tests pass. Implementation is sound with proper register allocation. No blocking issues.\n  Files changed: src/vm.rs, tests/test_functions.rs\n- **function-parameter-bug-5**: All acceptance criteria passed. AC4.3 (test_function_with_multiple_return_paths_early_return) succeeds and AC4.2 (all 499 currently passing tests still pass) verified with zero regressions. The Return instruction handler fix is correctly implemented and code review approved with no blocking issues.\n  Files changed: none recorded\n- **negative-number-parsing**: All acceptance criteria met. AC4.3: Both required tests pass (test_function_with_negative_numbers returns -42, test_function_with_negative_parameters returns -30). AC4.2: All 491 tests pass with no regressions. Implementation is correct across all layers with proper overflow handling. One non-blocking debt item tracked for parser unit test improvements.\n  Files changed: none recorded\n- **benchmark-stability**: All acceptance criteria met. AC4.2: 664 regression tests passing. AC4.4: Complete validation infrastructure (8/9 tests passing, 1 correctly waiting for benchmark data). M5: Covered by AC4.4. All 3 modified benchmark files have proper Criterion configuration. No blocking issues. Two non-blocking debt items tracked: (1) missing test coverage for 3 newly modified files, (2) binary_subprocess.rs measurement_time potentially insufficient.\n  Files changed: benches/compiler_benchmarks.rs, benches/execution_benchmarks.rs, benches/function_call_overhead.rs, benches/lexer_benchmarks.rs, benches/parser_benchmarks.rs, benches/vm_benchmarks.rs, benches/startup_benchmarks.rs, benches/binary_subprocess.rs, benches/cache_performance.rs, benches/profiling_overhead.rs\n- **daemon-protocol**: All acceptance criteria met. 483 tests pass (100%). Code review approved with no blocking issues. Blocking interface violation from iteration 1 successfully resolved. Implementation is production-ready with excellent test coverage and performance.\n  Files changed: src/daemon_protocol.rs, src/daemon.rs, src/daemon_client.rs\n- **compilation-cache**: All 462 tests passed. Implementation meets all acceptance criteria: 99% cache hit rate (exceeds 95% requirement), LRU eviction validated, memory usage ~306KB (well under 10MB limit), cache invalidation working correctly, and cache hit latency ~63.7ns (785x faster than 50\u03bcs requirement). No blocking issues found in code review. Four non-blocking debt items tracked for future improvement.\n  Files changed: src/cache.rs, Cargo.toml\n- **profiling-infrastructure**: All acceptance criteria met. Tests passing (18/18). No blocking issues. Implementation is complete and correct with comprehensive test coverage for all 5 pipeline stages.\n  Files changed: src/profiling.rs, src/lib.rs, src/main.rs, tests/test_profiling.rs, benches/profiling_overhead.rs\n- **binary-subprocess-benchmark**: Binary subprocess benchmark suite is complete and functional. All 30 tests pass. Infrastructure correctly validates all acceptance criteria (AC6.1, M1, AC6.4) with proper Criterion configuration and validation scripts. Current performance (~1.6ms) is expected and documented as dependent on Issue #14 for binary optimizations to achieve \u2264380\u03bcs target. One non-blocking SHOULD_FIX debt item identified. No blocking issues. Ready for merge.\n  Files changed: benches/binary_subprocess.rs\n- **bug-fixes-verification**: All 941 tests passed successfully (exceeding target of 681). All acceptance criteria met: AC4.1 (exit code 0), AC4.2 (no regressions), M4 (100% pass rate). Code review approved with no blocking issues. Successfully fixed 5 test files handling DaemonResponse decode, benchmark data checks, measurement thresholds, file filtering, and cache race conditions.\n  Files changed: tests/test_daemon_server.rs, tests/test_daemon_concurrency.rs, tests/test_benchmark_stability_ac44.rs, tests/test_binary_subprocess_benchmark.rs, tests/test_cache_integration.rs\n- **daemon-server**: All 15 tests pass. All 5 acceptance criteria met: socket/PID creation with 0600 permissions, sequential request handling, graceful shutdown on SIGTERM/SIGINT, correct socket permissions, and request timeout handling. Code review approved with no blocking issues. One non-blocking debt item in test_daemon_concurrency.rs for future cleanup.\n  Files changed: tests/test_daemon_server.rs\n- **daemon-client**: All 5 acceptance criteria met and verified. Tests passed (26 daemon-client tests). No blocking issues. 2 non-blocking debt items identified for future improvement.\n  Files changed: tests/test_daemon_client_integration.rs, tests/test_daemon_concurrency.rs, tests/test_daemon_server.rs\n- **daemon-cli-integration**: All tests PASSED. All 5 acceptance criteria validated. No blocking issues. Resource management bugs from iteration 2 fixed. Non-blocking debt items tracked but don't prevent approval: missing end-to-end CLI tests, daemon runtime logging. Issue daemon-cli-integration is COMPLETE.\n  Files changed: src/main.rs, tests/test_daemon_lifecycle.sh, tests/test_daemon_fallback.sh, tests/test_error_propagation.sh\n- **daemon-concurrency-testing**: All acceptance criteria met with comprehensive test coverage. Tests pass: AC2.6 (10 parallel clients with 3 test variants), AC2.7 (0.00% failure rate on 10K requests), memory stability confirmed, performance degradation 8.96% (< 20% threshold), M2 latency 70\u03bcs (< 190\u03bcs required). Code review approved with no blocking issues. 4 debt items tracked for future improvement but don't block approval.\n  Files changed: tests/test_daemon_concurrency.rs\n\n## Failed Issues (triggering this replan)\n### cache-integration\n- **Attempts**: 5\n- **Error**: Coding loop exhausted after 5 iterations without approval\n- **Error context**:\n```\n\n```\n- **Dependencies**: ['compilation-cache', 'daemon-cli-integration']\n- **Was supposed to provide**: ['Cached execute_python() variants', 'Thread-local and global cache integration', 'Cache management CLI commands']\n- **Description**: Modify lib.rs to add thread-local cache (library mode) and global mutex cache (daemon mode). Replace execute_python() with cached variants. Update daemon.rs to use global cache.\n\n## Remaining Issues (not yet executed)\n- **daemon-mode-benchmark**: Create daemon mode latency benchmark\n  depends_on: ['daemon-concurrency-testing'], provides: ['Daemon mode latency benchmark', 'Statistical validation of 100x speedup']\n- **cache-performance-benchmark**: Create cache hit/miss performance benchmark\n  depends_on: ['cache-integration'], provides: ['Cache performance benchmark', 'Statistical validation of cache speedup']\n- **speedup-validation-scripts**: Create automated speedup validation scripts\n  depends_on: ['binary-subprocess-benchmark', 'daemon-mode-benchmark'], provides: ['Automated speedup validation', 'Statistical confidence in performance claims', 'CI-ready validation scripts']\n- **performance-documentation**: Update PERFORMANCE.md with comprehensive results\n  depends_on: ['speedup-validation-scripts', 'profiling-infrastructure', 'cache-performance-benchmark', 'bug-fixes-verification'], provides: ['Updated PERFORMANCE.md documentation', 'Complete performance baseline table', 'Stage-by-stage profiling analysis']\n- **final-integration-validation**: Run complete end-to-end validation of all metrics\n  depends_on: ['performance-documentation', 'binary-subprocess-benchmark', 'daemon-mode-benchmark', 'cache-performance-benchmark', 'bug-fixes-verification'], provides: ['Final validation of all success metrics', 'Comprehensive test and benchmark report', 'Production-ready PyRust CLI']\n\n## Your Task\nAnalyze the failures above. Read the referenced files for full context if needed. Decide how to proceed and return a ReplanDecision.", "model": "sonnet", "max_turns": 150}
{"ts": 1770678235.491147, "event": "assistant", "turn": 1, "model": "<synthetic>", "content": [{"type": "text", "text": "Failed to authenticate. API Error: 401 {\"type\":\"error\",\"error\":{\"type\":\"authentication_error\",\"message\":\"OAuth token has expired. Please obtain a new token or refresh your existing token.\"},\"request_id\":\"req_011CXyL8kU9FcTjBd9dgs7jE\"}"}]}
{"ts": 1770678235.491682, "event": "result", "num_turns": 1, "cost_usd": 0, "duration_ms": 815}
{"ts": 1770678237.281903, "event": "end", "is_error": true, "error": "Command failed with exit code 1 (exit code: 1)\nError output: Check stderr output for details", "stderr": null}
